0 info it worked if it ends with ok
1 verbose cli [ 'C:\\Program Files\\nodejs\\node.exe',
1 verbose cli   'C:\\Program Files\\nodejs\\node_modules\\npm\\bin\\npm-cli.js',
1 verbose cli   'install',
1 verbose cli   'file-saver' ]
2 info using npm@2.14.4
3 info using node@v4.1.2
4 verbose install initial load of C:\Nina\forme\Srki\package.json
5 verbose installManyTop reading scoped package data from C:\Nina\forme\Srki\node_modules\autoprefixer\package.json
6 verbose installManyTop reading scoped package data from C:\Nina\forme\Srki\node_modules\babel-core\package.json
7 verbose installManyTop reading scoped package data from C:\Nina\forme\Srki\node_modules\babel-eslint\package.json
8 verbose installManyTop reading scoped package data from C:\Nina\forme\Srki\node_modules\babel-loader\package.json
9 verbose installManyTop reading scoped package data from C:\Nina\forme\Srki\node_modules\babel-plugin-react-transform\package.json
10 verbose installManyTop reading scoped package data from C:\Nina\forme\Srki\node_modules\body-parser\package.json
11 verbose installManyTop reading scoped package data from C:\Nina\forme\Srki\node_modules\classnames\package.json
12 verbose installManyTop reading scoped package data from C:\Nina\forme\Srki\node_modules\css-loader\package.json
13 verbose installManyTop reading scoped package data from C:\Nina\forme\Srki\node_modules\debug\package.json
14 verbose installManyTop reading scoped package data from C:\Nina\forme\Srki\node_modules\debug-dude\package.json
15 verbose installManyTop reading scoped package data from C:\Nina\forme\Srki\node_modules\director\package.json
16 verbose installManyTop reading scoped package data from C:\Nina\forme\Srki\node_modules\docxtemplater\package.json
17 verbose installManyTop reading scoped package data from C:\Nina\forme\Srki\node_modules\es6-promise\package.json
18 verbose installManyTop reading scoped package data from C:\Nina\forme\Srki\node_modules\eslint\package.json
19 verbose installManyTop reading scoped package data from C:\Nina\forme\Srki\node_modules\eslint-config-airbnb\package.json
20 verbose installManyTop reading scoped package data from C:\Nina\forme\Srki\node_modules\eslint-plugin-react\package.json
21 verbose installManyTop reading scoped package data from C:\Nina\forme\Srki\node_modules\eventemitter3\package.json
22 verbose installManyTop reading scoped package data from C:\Nina\forme\Srki\node_modules\express\package.json
23 verbose installManyTop reading scoped package data from C:\Nina\forme\Srki\node_modules\extract-text-webpack-plugin\package.json
24 verbose installManyTop reading scoped package data from C:\Nina\forme\Srki\node_modules\file-loader\package.json
25 verbose installManyTop reading scoped package data from C:\Nina\forme\Srki\node_modules\file-saver-master\package.json
26 verbose installManyTop reading scoped package data from C:\Nina\forme\Srki\node_modules\filesaver\package.json
27 verbose installManyTop reading scoped package data from C:\Nina\forme\Srki\node_modules\fs\package.json
28 verbose installManyTop reading scoped package data from C:\Nina\forme\Srki\node_modules\html-webpack-plugin\package.json
29 verbose installManyTop reading scoped package data from C:\Nina\forme\Srki\node_modules\json-loader\package.json
30 verbose installManyTop reading scoped package data from C:\Nina\forme\Srki\node_modules\keymirror\package.json
31 verbose installManyTop reading scoped package data from C:\Nina\forme\Srki\node_modules\lodash\package.json
32 verbose installManyTop reading scoped package data from C:\Nina\forme\Srki\node_modules\moment\package.json
33 verbose installManyTop reading scoped package data from C:\Nina\forme\Srki\node_modules\normalize.css\package.json
34 verbose installManyTop reading scoped package data from C:\Nina\forme\Srki\node_modules\postcss-loader\package.json
35 verbose installManyTop reading scoped package data from C:\Nina\forme\Srki\node_modules\promise\package.json
36 verbose installManyTop reading scoped package data from C:\Nina\forme\Srki\node_modules\react\package.json
37 verbose installManyTop reading scoped package data from C:\Nina\forme\Srki\node_modules\react-datepicker\package.json
38 verbose installManyTop reading scoped package data from C:\Nina\forme\Srki\node_modules\react-dom\package.json
39 verbose installManyTop reading scoped package data from C:\Nina\forme\Srki\node_modules\react-redux\package.json
40 verbose installManyTop reading scoped package data from C:\Nina\forme\Srki\node_modules\react-tabs\package.json
41 verbose installManyTop reading scoped package data from C:\Nina\forme\Srki\node_modules\react-transform-catch-errors\package.json
42 verbose installManyTop reading scoped package data from C:\Nina\forme\Srki\node_modules\react-transform-hmr\package.json
43 verbose installManyTop reading scoped package data from C:\Nina\forme\Srki\node_modules\redbox-react\package.json
44 verbose installManyTop reading scoped package data from C:\Nina\forme\Srki\node_modules\redux\package.json
45 verbose installManyTop reading scoped package data from C:\Nina\forme\Srki\node_modules\socket.io-client\package.json
46 verbose installManyTop reading scoped package data from C:\Nina\forme\Srki\node_modules\style-loader\package.json
47 verbose installManyTop reading scoped package data from C:\Nina\forme\Srki\node_modules\tcomb-form\package.json
48 verbose installManyTop reading scoped package data from C:\Nina\forme\Srki\node_modules\tcomb-validation\package.json
49 verbose installManyTop reading scoped package data from C:\Nina\forme\Srki\node_modules\url-loader\package.json
50 verbose installManyTop reading scoped package data from C:\Nina\forme\Srki\node_modules\webpack\package.json
51 verbose installManyTop reading scoped package data from C:\Nina\forme\Srki\node_modules\webpack-dev-middleware\package.json
52 verbose installManyTop reading scoped package data from C:\Nina\forme\Srki\node_modules\webpack-hot-middleware\package.json
53 verbose installManyTop reading scoped package data from C:\Nina\forme\Srki\node_modules\whatwg-fetch\package.json
54 verbose installManyTop reading scoped package data from C:\Nina\forme\Srki\node_modules\xlsx-template\package.json
55 info package.json director@1.2.8 No license field.
56 info package.json fs@0.0.2 fs is also the name of a node core module.
57 info package.json fs@0.0.2 No description
58 info package.json fs@0.0.2 No repository field.
59 info package.json fs@0.0.2 No README data
60 info package.json keymirror@0.1.1 No license field.
61 info package.json whatwg-fetch@0.10.1 No license field.
62 info package.json xlsx-template@0.0.3 No license field.
63 info package.json webpack-dev-middleware@1.3.0 No license field.
64 verbose readDependencies loading dependencies from C:\Nina\forme\Srki\package.json
65 silly cache add args [ 'file-saver', null ]
66 verbose cache add spec file-saver
67 silly cache add parsed spec Result {
67 silly cache add   raw: 'file-saver',
67 silly cache add   scope: null,
67 silly cache add   name: 'file-saver',
67 silly cache add   rawSpec: '',
67 silly cache add   spec: '*',
67 silly cache add   type: 'range' }
68 silly addNamed file-saver@*
69 verbose addNamed "*" is a valid semver range for file-saver
70 silly addNameRange { name: 'file-saver', range: '*', hasData: false }
71 silly mapToRegistry name file-saver
72 silly mapToRegistry using default registry
73 silly mapToRegistry registry https://registry.npmjs.org/
74 silly mapToRegistry uri https://registry.npmjs.org/file-saver
75 verbose addNameRange registry:https://registry.npmjs.org/file-saver not in flight; fetching
76 verbose request uri https://registry.npmjs.org/file-saver
77 verbose request no auth needed
78 info attempt registry request try #1 at 5:00:32 PM
79 verbose request id b89d3c366df359c9
80 http request GET https://registry.npmjs.org/file-saver
81 http 404 https://registry.npmjs.org/file-saver
82 verbose headers { 'content-type': 'application/json',
82 verbose headers   'cache-control': 'max-age=0',
82 verbose headers   'content-length': '2',
82 verbose headers   'accept-ranges': 'bytes',
82 verbose headers   date: 'Thu, 26 Nov 2015 16:00:32 GMT',
82 verbose headers   via: '1.1 varnish',
82 verbose headers   age: '0',
82 verbose headers   connection: 'close',
82 verbose headers   'x-served-by': 'cache-fra1229-FRA',
82 verbose headers   'x-cache': 'MISS',
82 verbose headers   'x-cache-hits': '0',
82 verbose headers   'x-timer': 'S1448553632.347422,VS0,VE177' }
83 silly get cb [ 404,
83 silly get   { 'content-type': 'application/json',
83 silly get     'cache-control': 'max-age=0',
83 silly get     'content-length': '2',
83 silly get     'accept-ranges': 'bytes',
83 silly get     date: 'Thu, 26 Nov 2015 16:00:32 GMT',
83 silly get     via: '1.1 varnish',
83 silly get     age: '0',
83 silly get     connection: 'close',
83 silly get     'x-served-by': 'cache-fra1229-FRA',
83 silly get     'x-cache': 'MISS',
83 silly get     'x-cache-hits': '0',
83 silly get     'x-timer': 'S1448553632.347422,VS0,VE177' } ]
84 verbose stack Error: Registry returned 404 for GET on https://registry.npmjs.org/file-saver
84 verbose stack     at makeError (C:\Program Files\nodejs\node_modules\npm\node_modules\npm-registry-client\lib\request.js:263:12)
84 verbose stack     at CachingRegistryClient.<anonymous> (C:\Program Files\nodejs\node_modules\npm\node_modules\npm-registry-client\lib\request.js:241:14)
84 verbose stack     at Request._callback (C:\Program Files\nodejs\node_modules\npm\node_modules\npm-registry-client\lib\request.js:171:14)
84 verbose stack     at Request.self.callback (C:\Program Files\nodejs\node_modules\npm\node_modules\request\request.js:198:22)
84 verbose stack     at emitTwo (events.js:87:13)
84 verbose stack     at Request.emit (events.js:172:7)
84 verbose stack     at Request.<anonymous> (C:\Program Files\nodejs\node_modules\npm\node_modules\request\request.js:1073:14)
84 verbose stack     at emitOne (events.js:82:20)
84 verbose stack     at Request.emit (events.js:169:7)
84 verbose stack     at IncomingMessage.<anonymous> (C:\Program Files\nodejs\node_modules\npm\node_modules\request\request.js:1019:12)
85 verbose statusCode 404
86 verbose pkgid file-saver
87 verbose cwd C:\Nina\forme\Srki
88 error Windows_NT 10.0.10240
89 error argv "C:\\Program Files\\nodejs\\node.exe" "C:\\Program Files\\nodejs\\node_modules\\npm\\bin\\npm-cli.js" "install" "file-saver"
90 error node v4.1.2
91 error npm  v2.14.4
92 error code E404
93 error 404 Registry returned 404 for GET on https://registry.npmjs.org/file-saver
93 error 404
93 error 404 'file-saver' is not in the npm registry.
93 error 404 You should bug the author to publish it (or use the name yourself!)
93 error 404 It was specified as a dependency of 'react-for-hipsters-boilerplate'
93 error 404
93 error 404 Note that you can also install from a
93 error 404 tarball, folder, http url, or git url.
94 verbose exit [ 1, true ]
